》》 INFO     2025-07-16 16:56:47 [pytest_result_log:122] :  Start: testCase/test_select_statistics.py::TestSupplierMaterial::test_select_material_category_valid[SelectMaterialCategory] 《
》》 INFO     2025-07-16 16:56:49 [requests:66] :  >> 接口地址 <<: get  http://192.168.0.3:8080/dev-api/dc-supplier-new/supplierMaterialBrand/selectSupplierMaterial 《
》》 INFO     2025-07-16 16:56:49 [requests:69] :  >> 请求头 <<: {'Content-Type': 'application/json', 'Authorization': 'Bearer eyJ0eXAiOiJKV1QiLCJhbGciOiJIUzI1NiJ9.eyJsb2dpblR5cGUiOiJsb2dpbiIsImxvZ2luSWQiOiJzeXNfdXNlcjoxNTc1NzE1NzY2NzgyOTk2NDgyIiwicm5TdHIiOiJZb0dwaXN0VlkyWmhCN1ljUmJrMGZnUkpsbHdJc2x2aiIsIm1vYmlsZSI6IjE1MDk4MDEwNzA2In0.2odJEbErTOCnXEZ_5mNIArkYHV4PXfBcjJpjfhcev0g'} 《
》》 ERROR    2025-07-16 16:56:49 [pytest_result_log:190] :  test status is FAILED (testCase/test_select_statistics.py::TestSupplierMaterial::test_select_material_category_valid[SelectMaterialCategory]): TypeError 《
》》 INFO     2025-07-16 16:56:49 [pytest_result_log:194] :  testCase/test_select_statistics.py::TestSupplierMaterial::test_select_material_category_valid[SelectMaterialCategory] -> self = <auto_tester.testCase.test_select_statistics.TestSupplierMaterial object at 0x0000025E8A5ECA90>, shared_data = {}
api_params = 'SelectMaterialCategory', all_api = <common.prepare_api.AllApi object at 0x0000025E8A619F50>

    @pytest.mark.parametrize("api_params", ["SelectMaterialCategory"])
    def test_select_material_category_valid(
        self,
        shared_data: dict,
        api_params: dict,
        all_api: AllApi,
    ):
        """
        测试查询SCM材料分类接口
        """
        res = all_api.send_request("SelectMaterialCategory")
        expect = all_api.get_expect("SelectMaterialCategory")
    
>       assert res["code"] == expect["code"], (
               ^^^^^^^^^^^
            f"code: {res['code']}, 预期结果: {expect['code']}"
        )
E       TypeError: 'NoneType' object is not subscriptable

testCase\test_select_statistics.py:27: TypeError 《
》》 INFO     2025-07-16 16:56:49 [pytest_result_log:128] :  End: testCase/test_select_statistics.py::TestSupplierMaterial::test_select_material_category_valid[SelectMaterialCategory] 《
》》 INFO     2025-07-16 16:56:49 [pytest_result_log:122] :  Start: testCase/test_select_statistics.py::TestSupplierMaterial::test_add_material_category_valid[AddMaterialCategory] 《
》》 INFO     2025-07-16 16:56:51 [requests:66] :  >> 接口地址 <<: post  http://192.168.0.3:8080/dev-api/dc-supplier-new/supplierMaterialBrand/addSupplierMaterial 《
》》 INFO     2025-07-16 16:56:51 [requests:69] :  >> 请求头 <<: {'Content-Type': 'application/json', 'Authorization': 'Bearer eyJ0eXAiOiJKV1QiLCJhbGciOiJIUzI1NiJ9.eyJsb2dpblR5cGUiOiJsb2dpbiIsImxvZ2luSWQiOiJzeXNfdXNlcjoxNTc1NzE1NzY2NzgyOTk2NDgyIiwicm5TdHIiOiJZb0dwaXN0VlkyWmhCN1ljUmJrMGZnUkpsbHdJc2x2aiIsIm1vYmlsZSI6IjE1MDk4MDEwNzA2In0.2odJEbErTOCnXEZ_5mNIArkYHV4PXfBcjJpjfhcev0g'} 《
》》 INFO     2025-07-16 16:56:51 [requests:72] :  >> 请求体 <<: {'id': None, 'name': 'new-demo', 'no': 99901, 'parentId': 0, 'remarks': '修改备注'} 《
》》 ERROR    2025-07-16 16:56:51 [pytest_result_log:190] :  test status is FAILED (testCase/test_select_statistics.py::TestSupplierMaterial::test_add_material_category_valid[AddMaterialCategory]): TypeError 《
》》 INFO     2025-07-16 16:56:51 [pytest_result_log:194] :  testCase/test_select_statistics.py::TestSupplierMaterial::test_add_material_category_valid[AddMaterialCategory] -> self = <auto_tester.testCase.test_select_statistics.TestSupplierMaterial object at 0x0000025E8A625410>
api_params = {'id': None, 'name': 'new-demo', 'no': 99901, 'parentId': 0, ...}, all_api = <common.prepare_api.AllApi object at 0x0000025E8A60B510>

    @pytest.mark.parametrize("api_params", ["AddMaterialCategory"], indirect=True)
    def test_add_material_category_valid(self, api_params: dict, all_api: AllApi):
        """
        测试修改SCM材料分类接口
        """
        # 打印合并后的请求参数（供调试）
        print("新增参数：", api_params)
    
        res = all_api.send_request("AddMaterialCategory")
        expect = all_api.get_expect("AddMaterialCategory")
    
        # 断言
>       assert res["code"] == expect["code"], (
               ^^^^^^^^^^^
            f"code: {res['code']}, 预期结果: {expect['code']}"
        )
E       TypeError: 'NoneType' object is not subscriptable

testCase\test_select_statistics.py:51: TypeError 《
》》 INFO     2025-07-16 16:56:51 [pytest_result_log:128] :  End: testCase/test_select_statistics.py::TestSupplierMaterial::test_add_material_category_valid[AddMaterialCategory] 《
